/var/lib/gems/2.1.0/gems/eventmachine-1.0.3/lib/eventmachine.rb:526:in `start_tcp_server': no acceptor (port is in use or requires root privileges) (RuntimeError)
	from /var/lib/gems/2.1.0/gems/eventmachine-1.0.3/lib/eventmachine.rb:526:in `start_server'
	from /var/lib/gems/2.1.0/gems/em-websocket-0.5.1/lib/em-websocket/websocket.rb:46:in `run'
	from /var/lib/gems/2.1.0/gems/em-websocket-0.5.1/lib/em-websocket/websocket.rb:39:in `block in start'
	from /var/lib/gems/2.1.0/gems/eventmachine-1.0.3/lib/eventmachine.rb:170:in `call'
	from /var/lib/gems/2.1.0/gems/eventmachine-1.0.3/lib/eventmachine.rb:170:in `run'
	from /var/lib/gems/2.1.0/gems/em-websocket-0.5.1/lib/em-websocket/websocket.rb:35:in `start'
	from scripts/scans.rb:8:in `block in <top (required)>'
	from /var/lib/gems/2.1.0/gems/eventmachine-1.0.3/lib/eventmachine.rb:187:in `call'
	from /var/lib/gems/2.1.0/gems/eventmachine-1.0.3/lib/eventmachine.rb:187:in `run_machine'
	from /var/lib/gems/2.1.0/gems/eventmachine-1.0.3/lib/eventmachine.rb:187:in `run'
	from scripts/scans.rb:4:in `<top (required)>'
	from /var/lib/gems/2.1.0/gems/railties-4.1.6.rc1/lib/rails/commands/runner.rb:60:in `load'
	from /var/lib/gems/2.1.0/gems/railties-4.1.6.rc1/lib/rails/commands/runner.rb:60:in `<top (required)>'
	from /var/lib/gems/2.1.0/gems/railties-4.1.6.rc1/lib/rails/commands/commands_tasks.rb:128:in `require'
	from /var/lib/gems/2.1.0/gems/railties-4.1.6.rc1/lib/rails/commands/commands_tasks.rb:128:in `require_command!'
	from /var/lib/gems/2.1.0/gems/railties-4.1.6.rc1/lib/rails/commands/commands_tasks.rb:95:in `runner'
	from /var/lib/gems/2.1.0/gems/railties-4.1.6.rc1/lib/rails/commands/commands_tasks.rb:40:in `run_command!'
	from /var/lib/gems/2.1.0/gems/railties-4.1.6.rc1/lib/rails/commands.rb:17:in `<top (required)>'
	from bin/rails:4:in `require'
	from bin/rails:4:in `<main>'
Ready ! on 0.0.0.0:3041
